<?xml version="1.0" encoding="UTF-8"?>
<!-- Generated by org.testng.reporters.JUnitXMLReporter -->
<testsuite hostname="CGVAK-204" name="Logging KeyedIN using Framework" tests="7" failures="1" timestamp="3 Nov 2015 08:02:01 GMT" time="124.794" errors="0">
  <testcase name="Login1" time="25.676" classname="pak1.Login"/>
  <testcase name="Login1" time="0.155" classname="pak1.SOManipulation">
    <failure type="org.openqa.selenium.NoSuchElementException" message="Unable to locate element: {&amp;quot;method&amp;quot;:&amp;quot;xpath&amp;quot;,&amp;quot;selector&amp;quot;:&amp;quot;/html/body/div/div/form/ul/li[1]/input&amp;quot;}
Command duration or timeout: 148 milliseconds
For documentation on this error, please visit: http://seleniumhq.org/exceptions/no_such_element.html
Build info: version: &amp;apos;2.48.2&amp;apos;, revision: &amp;apos;41bccdd&amp;apos;, time: &amp;apos;2015-10-09 19:59:12&amp;apos;
System info: host: &amp;apos;CGVAK-204&amp;apos;, ip: &amp;apos;172.16.11.13&amp;apos;, os.name: &amp;apos;Windows 7&amp;apos;, os.arch: &amp;apos;x86&amp;apos;, os.version: &amp;apos;6.1&amp;apos;, java.version: &amp;apos;1.8.0_11&amp;apos;
Driver info: org.openqa.selenium.firefox.FirefoxDriver
Capabilities [{applicationCacheEnabled=true, rotatable=false, handlesAlerts=true, databaseEnabled=true, version=31.0, platform=WINDOWS, nativeEvents=false, acceptSslCerts=true, webStorageEnabled=true, locationContextEnabled=true, browserName=firefox, takesScreenshot=true, javascriptEnabled=true, cssSelectorsEnabled=true}]
Session ID: dbdc423a-031c-4d61-9993-6172fc5e3ed3
*** Element info: {Using=xpath, value=/html/body/div/div/form/ul/li[1]/input}">
      <![CDATA[org.openqa.selenium.NoSuchElementException: Unable to locate element: {"method":"xpath","selector":"/html/body/div/div/form/ul/li[1]/input"}
Command duration or timeout: 148 milliseconds
For documentation on this error, please visit: http://seleniumhq.org/exceptions/no_such_element.html
Build info: version: '2.48.2', revision: '41bccdd', time: '2015-10-09 19:59:12'
System info: host: 'CGVAK-204', ip: '172.16.11.13', os.name: 'Windows 7', os.arch: 'x86', os.version: '6.1', java.version: '1.8.0_11'
Driver info: org.openqa.selenium.firefox.FirefoxDriver
Capabilities [{applicationCacheEnabled=true, rotatable=false, handlesAlerts=true, databaseEnabled=true, version=31.0, platform=WINDOWS, nativeEvents=false, acceptSslCerts=true, webStorageEnabled=true, locationContextEnabled=true, browserName=firefox, takesScreenshot=true, javascriptEnabled=true, cssSelectorsEnabled=true}]
Session ID: dbdc423a-031c-4d61-9993-6172fc5e3ed3
*** Element info: {Using=xpath, value=/html/body/div/div/form/ul/li[1]/input}
	at org.openqa.selenium.remote.ErrorHandler.createThrowable(ErrorHandler.java:206)
	at org.openqa.selenium.remote.ErrorHandler.throwIfResponseFailed(ErrorHandler.java:158)
	at org.openqa.selenium.remote.RemoteWebDriver.execute(RemoteWebDriver.java:647)
	at org.openqa.selenium.remote.RemoteWebDriver.findElement(RemoteWebDriver.java:353)
	at org.openqa.selenium.remote.RemoteWebDriver.findElementByXPath(RemoteWebDriver.java:490)
	at org.openqa.selenium.By$ByXPath.findElement(By.java:361)
	at org.openqa.selenium.remote.RemoteWebDriver.findElement(RemoteWebDriver.java:345)
	at pak1.Login.Login1(Login.java:47)
Caused by: org.openqa.selenium.NoSuchElementException: Unable to locate element: {"method":"xpath","selector":"/html/body/div/div/form/ul/li[1]/input"}
For documentation on this error, please visit: http://seleniumhq.org/exceptions/no_such_element.html
Build info: version: '2.48.2', revision: '41bccdd', time: '2015-10-09 19:59:12'
System info: host: 'CGVAK-204', ip: '172.16.11.13', os.name: 'Windows 7', os.arch: 'x86', os.version: '6.1', java.version: '1.8.0_11'
Driver info: driver.version: unknown
	at <anonymous class>.FirefoxDriver.prototype.findElementInternal_(file:///C:/Users/SIVAKU~1/AppData/Local/Temp/anonymous5160521289378245894webdriver-profile/extensions/fxdriver@googlecode.com/components/driver-component.js:10659)
	at <anonymous class>.FirefoxDriver.prototype.findElement(file:///C:/Users/SIVAKU~1/AppData/Local/Temp/anonymous5160521289378245894webdriver-profile/extensions/fxdriver@googlecode.com/components/driver-component.js:10668)
	at <anonymous class>.DelayedCommand.prototype.executeInternal_/h(file:///C:/Users/SIVAKU~1/AppData/Local/Temp/anonymous5160521289378245894webdriver-profile/extensions/fxdriver@googlecode.com/components/command-processor.js:12534)
	at <anonymous class>.DelayedCommand.prototype.executeInternal_(file:///C:/Users/SIVAKU~1/AppData/Local/Temp/anonymous5160521289378245894webdriver-profile/extensions/fxdriver@googlecode.com/components/command-processor.js:12539)
	at <anonymous class>.DelayedCommand.prototype.execute/<(file:///C:/Users/SIVAKU~1/AppData/Local/Temp/anonymous5160521289378245894webdriver-profile/extensions/fxdriver@googlecode.com/components/command-processor.js:12481)
... Removed 28 stack frames]]>
    </failure>
  </testcase> <!-- Login1 -->
  <testcase name="AddSO" time="25.689" classname="pak1.SOManipulation"/>
  <testcase name="EditSO" time="10.047" classname="pak1.SOManipulation"/>
  <testcase name="ViewSO" time="17.685" classname="pak1.SOManipulation"/>
  <testcase name="DeleteSO" time="28.846" classname="pak1.SOManipulation"/>
  <testcase name="T4" time="0.487" classname="pak1.SOManipulation">
    <skipped/>
  </testcase> <!-- T4 -->
</testsuite> <!-- Logging KeyedIN using Framework -->
