<?xml version="1.0" encoding="utf-8" ?>
<!DOCTYPE html PUBLIC "-//W3C//DTD XHTML 1.0 Strict//EN"
        "http://www.w3.org/TR/xhtml1/DTD/xhtml1-strict.dtd">
<html xmlns="http://www.w3.org/1999/xhtml" xml:lang="" lang="">
<head>
  <title>Test Results Report - Logging KeyedIN using Framework</title>
  <meta http-equiv="Content-Type" content="text/html;charset=utf-8" />
  <meta name="description" content="TestNG unit test results." />
  <link href="reportng.css" rel="stylesheet" type="text/css" />
    <script type="text/javascript" src="reportng.js"></script>
</head>
<body>
<h1>Logging KeyedIN using Framework</h1>
<p>
  Test duration: 124.638s
</p>



  <table class="resultsTable">
    <tr><th colspan="3" class="header failed">Failed Tests</th></tr>
          <tr>
        <td colspan="3" class="group">pak1.SOManipulation</td>
      </tr>
            
<tr>
  <td class="method">
                  Login1
      </td>
  <td class="duration">
    0.155s
  </td>
  <td class="result">
        
    
        

        <a href="javascript:toggleElement('exception-0', 'block')" title="Click to expand/collapse"><b>org.openqa.selenium.NoSuchElementException: Unable to locate element: {&quot;method&quot;:&quot;xpath&quot;,&quot;selector&quot;:&quot;/html/body/div/div/form/ul/li[1]/input&quot;}<br/>
Command duration or timeout: 148 milliseconds<br/>
For documentation on this error, please visit: http://seleniumhq.org/exceptions/no_such_element.html<br/>
Build info: version: &apos;2.48.2&apos;, revision: &apos;41bccdd&apos;, time: &apos;2015-10-09 19:59:12&apos;<br/>
System info: host: &apos;CGVAK-204&apos;, ip: &apos;172.16.11.13&apos;, os.name: &apos;Windows 7&apos;, os.arch: &apos;x86&apos;, os.version: &apos;6.1&apos;, java.version: &apos;1.8.0_11&apos;<br/>
Driver info: org.openqa.selenium.firefox.FirefoxDriver<br/>
Capabilities [{applicationCacheEnabled=true, rotatable=false, handlesAlerts=true, databaseEnabled=true, version=31.0, platform=WINDOWS, nativeEvents=false, acceptSslCerts=true, webStorageEnabled=true, locationContextEnabled=true, browserName=firefox, takesScreenshot=true, javascriptEnabled=true, cssSelectorsEnabled=true}]<br/>
Session ID: dbdc423a-031c-4d61-9993-6172fc5e3ed3<br/>
*** Element info: {Using=xpath, value=/html/body/div/div/form/ul/li[1]/input}</b></a><br />
    <div class="stackTrace" id="exception-0">
              sun.reflect.NativeConstructorAccessorImpl.newInstance0(Native Method)<br />
              sun.reflect.NativeConstructorAccessorImpl.newInstance(Unknown Source)<br />
              sun.reflect.DelegatingConstructorAccessorImpl.newInstance(Unknown Source)<br />
              java.lang.reflect.Constructor.newInstance(Unknown Source)<br />
              org.openqa.selenium.remote.ErrorHandler.createThrowable(ErrorHandler.java:206)<br />
              org.openqa.selenium.remote.ErrorHandler.throwIfResponseFailed(ErrorHandler.java:158)<br />
              org.openqa.selenium.remote.RemoteWebDriver.execute(RemoteWebDriver.java:647)<br />
              org.openqa.selenium.remote.RemoteWebDriver.findElement(RemoteWebDriver.java:353)<br />
              org.openqa.selenium.remote.RemoteWebDriver.findElementByXPath(RemoteWebDriver.java:490)<br />
              org.openqa.selenium.By$ByXPath.findElement(By.java:361)<br />
              org.openqa.selenium.remote.RemoteWebDriver.findElement(RemoteWebDriver.java:345)<br />
              pak1.Login.Login1(Login.java:47)<br />
              sun.reflect.NativeMethodAccessorImpl.invoke0(Native Method)<br />
              sun.reflect.NativeMethodAccessorImpl.invoke(Unknown Source)<br />
              sun.reflect.DelegatingMethodAccessorImpl.invoke(Unknown Source)<br />
              java.lang.reflect.Method.invoke(Unknown Source)<br />
              org.testng.internal.MethodInvocationHelper.invokeMethod(MethodInvocationHelper.java:85)<br />
              org.testng.internal.Invoker.invokeMethod(Invoker.java:639)<br />
              org.testng.internal.Invoker.invokeTestMethod(Invoker.java:821)<br />
              org.testng.internal.Invoker.invokeTestMethods(Invoker.java:1131)<br />
              org.testng.internal.TestMethodWorker.invokeTestMethods(TestMethodWorker.java:124)<br />
              org.testng.internal.TestMethodWorker.run(TestMethodWorker.java:108)<br />
              org.testng.TestRunner.privateRun(TestRunner.java:773)<br />
              org.testng.TestRunner.run(TestRunner.java:623)<br />
              org.testng.SuiteRunner.runTest(SuiteRunner.java:357)<br />
              org.testng.SuiteRunner.runSequentially(SuiteRunner.java:352)<br />
              org.testng.SuiteRunner.privateRun(SuiteRunner.java:310)<br />
              org.testng.SuiteRunner.run(SuiteRunner.java:259)<br />
              org.testng.SuiteRunnerWorker.runSuite(SuiteRunnerWorker.java:52)<br />
              org.testng.SuiteRunnerWorker.run(SuiteRunnerWorker.java:86)<br />
              org.testng.TestNG.runSuitesSequentially(TestNG.java:1185)<br />
              org.testng.TestNG.runSuitesLocally(TestNG.java:1110)<br />
              org.testng.TestNG.run(TestNG.java:1018)<br />
              org.testng.remote.RemoteTestNG.run(RemoteTestNG.java:111)<br />
              org.testng.remote.RemoteTestNG.initAndRun(RemoteTestNG.java:204)<br />
              org.testng.remote.RemoteTestNG.main(RemoteTestNG.java:175)<br />
                    <b>Caused by: </b> <a href="javascript:toggleElement('exception-1', 'block')" title="Click to expand/collapse">org.openqa.selenium.NoSuchElementException: Unable to locate element: {&quot;method&quot;:&quot;xpath&quot;,&quot;selector&quot;:&quot;/html/body/div/div/form/ul/li[1]/input&quot;}<br/>
For documentation on this error, please visit: http://seleniumhq.org/exceptions/no_such_element.html<br/>
Build info: version: &apos;2.48.2&apos;, revision: &apos;41bccdd&apos;, time: &apos;2015-10-09 19:59:12&apos;<br/>
System info: host: &apos;CGVAK-204&apos;, ip: &apos;172.16.11.13&apos;, os.name: &apos;Windows 7&apos;, os.arch: &apos;x86&apos;, os.version: &apos;6.1&apos;, java.version: &apos;1.8.0_11&apos;<br/>
Driver info: driver.version: unknown</a><br />
        <div class="stackTrace" id="exception-1">
                      &lt;anonymous class&gt;.FirefoxDriver.prototype.findElementInternal_(file:///C:/Users/SIVAKU~1/AppData/Local/Temp/anonymous5160521289378245894webdriver-profile/extensions/fxdriver@googlecode.com/components/driver-component.js:10659)<br />
                      &lt;anonymous class&gt;.FirefoxDriver.prototype.findElement(file:///C:/Users/SIVAKU~1/AppData/Local/Temp/anonymous5160521289378245894webdriver-profile/extensions/fxdriver@googlecode.com/components/driver-component.js:10668)<br />
                      &lt;anonymous class&gt;.DelayedCommand.prototype.executeInternal_/h(file:///C:/Users/SIVAKU~1/AppData/Local/Temp/anonymous5160521289378245894webdriver-profile/extensions/fxdriver@googlecode.com/components/command-processor.js:12534)<br />
                      &lt;anonymous class&gt;.DelayedCommand.prototype.executeInternal_(file:///C:/Users/SIVAKU~1/AppData/Local/Temp/anonymous5160521289378245894webdriver-profile/extensions/fxdriver@googlecode.com/components/command-processor.js:12539)<br />
                      &lt;anonymous class&gt;.DelayedCommand.prototype.execute/&lt;(file:///C:/Users/SIVAKU~1/AppData/Local/Temp/anonymous5160521289378245894webdriver-profile/extensions/fxdriver@googlecode.com/components/command-processor.js:12481)<br />
                  </div>
          </div>
      </td>
</tr>
      </table>

  <table class="resultsTable" width="100%">
    <tr><th colspan="3" class="header skipped">Skipped Tests</th></tr>
          <tr>
        <td colspan="3" class="group">pak1.SOManipulation</td>
      </tr>
            
<tr>
  <td class="method">
                  T4
      </td>
  <td class="duration">
    0.487s
  </td>
  <td class="result">
                                 	<i>Reason: </i>
      	<span class="dependency">Test</span>
          
    
        

      </td>
</tr>
      </table>

  <table class="resultsTable">
    <tr><th colspan="3" class="header passed">Passed Tests</th></tr>
          <tr>
        <td colspan="3" class="group">pak1.Login</td>
      </tr>
            
<tr>
  <td class="method">
                  Login1
      </td>
  <td class="duration">
    25.676s
  </td>
  <td class="result">
        
    
        

      </td>
</tr>
          <tr>
        <td colspan="3" class="group">pak1.SOManipulation</td>
      </tr>
            
<tr>
  <td class="method">
                  AddSO
      </td>
  <td class="duration">
    25.689s
  </td>
  <td class="result">
        
    
        

      </td>
</tr>
<tr>
  <td class="method">
                  DeleteSO
      </td>
  <td class="duration">
    28.846s
  </td>
  <td class="result">
        
    
        

      </td>
</tr>
<tr>
  <td class="method">
                  EditSO
      </td>
  <td class="duration">
    10.047s
  </td>
  <td class="result">
        
    
        

      </td>
</tr>
<tr>
  <td class="method">
                  ViewSO
      </td>
  <td class="duration">
    17.685s
  </td>
  <td class="result">
        
    
        

      </td>
</tr>
      </table>
  
</body>
</html>
