<!DOCTYPE html PUBLIC "-//W3C//DTD XHTML 1.1//EN" "http://www.w3.org/TR/xhtml11/DTD/xhtml11.dtd">
<html xmlns="http://www.w3.org/1999/xhtml"><head><title>TestNG Report</title><style type="text/css">table {margin-bottom:10px;border-collapse:collapse;empty-cells:show}th,td {border:1px solid #009;padding:.25em .5em}th {vertical-align:bottom}td {vertical-align:top}table a {font-weight:bold}.stripe td {background-color: #E6EBF9}.num {text-align:right}.passedodd td {background-color: #3F3}.passedeven td {background-color: #0A0}.skippedodd td {background-color: #DDD}.skippedeven td {background-color: #CCC}.failedodd td,.attn {background-color: #F33}.failedeven td,.stripe .attn {background-color: #D00}.stacktrace {white-space:pre;font-family:monospace}.totop {font-size:85%;text-align:center;border-bottom:2px solid #000}</style></head><body><table><tr><th>Test</th><th># Passed</th><th># Skipped</th><th># Failed</th><th>Time (ms)</th><th>Included Groups</th><th>Excluded Groups</th></tr><tr><th colspan="7">Suite_KeyedIN_001</th></tr><tr><td><a href="#t0">Logging KeyedIN using Framework</a></td><td class="num">5</td><td class="num attn">1</td><td class="num attn">1</td><td class="num">124,794</td><td></td><td></td></tr></table><table><thead><tr><th>Class</th><th>Method</th><th>Start</th><th>Time (ms)</th></tr></thead><tbody><tr><th colspan="4">Suite_KeyedIN_001</th></tr></tbody><tbody id="t0"><tr><th colspan="4">Logging KeyedIN using Framework &#8212; failed</th></tr><tr class="failedeven"><td rowspan="1">pak1.SOManipulation</td><td><a href="#m0">Login1</a></td><td rowspan="1">1446537636052</td><td rowspan="1">155</td></tr><tr><th colspan="4">Logging KeyedIN using Framework &#8212; skipped</th></tr><tr class="skippedeven"><td rowspan="1">pak1.SOManipulation</td><td><a href="#m1">T4</a></td><td rowspan="1">1446537718546</td><td rowspan="1">487</td></tr><tr><th colspan="4">Logging KeyedIN using Framework &#8212; passed</th></tr><tr class="passedeven"><td rowspan="1">pak1.Login</td><td><a href="#m2">Login1</a></td><td rowspan="1">1446537610315</td><td rowspan="1">25676</td></tr><tr class="passedodd"><td rowspan="4">pak1.SOManipulation</td><td><a href="#m3">AddSO</a></td><td rowspan="1">1446537636248</td><td rowspan="1">25689</td></tr><tr class="passedodd"><td><a href="#m4">DeleteSO</a></td><td rowspan="1">1446537689676</td><td rowspan="1">28846</td></tr><tr class="passedodd"><td><a href="#m5">EditSO</a></td><td rowspan="1">1446537661939</td><td rowspan="1">10047</td></tr><tr class="passedodd"><td><a href="#m6">ViewSO</a></td><td rowspan="1">1446537671987</td><td rowspan="1">17685</td></tr></tbody></table><h2>Logging KeyedIN using Framework</h2><h3 id="m0">pak1.SOManipulation#Login1</h3><table class="result"><tr><th>Exception</th></tr><tr><td><div class="stacktrace">org.openqa.selenium.NoSuchElementException: Unable to locate element: {&quot;method&quot;:&quot;xpath&quot;,&quot;selector&quot;:&quot;/html/body/div/div/form/ul/li[1]/input&quot;}
Command duration or timeout: 148 milliseconds
For documentation on this error, please visit: http://seleniumhq.org/exceptions/no_such_element.html
Build info: version: &apos;2.48.2&apos;, revision: &apos;41bccdd&apos;, time: &apos;2015-10-09 19:59:12&apos;
System info: host: &apos;CGVAK-204&apos;, ip: &apos;172.16.11.13&apos;, os.name: &apos;Windows 7&apos;, os.arch: &apos;x86&apos;, os.version: &apos;6.1&apos;, java.version: &apos;1.8.0_11&apos;
Driver info: org.openqa.selenium.firefox.FirefoxDriver
Capabilities [{applicationCacheEnabled=true, rotatable=false, handlesAlerts=true, databaseEnabled=true, version=31.0, platform=WINDOWS, nativeEvents=false, acceptSslCerts=true, webStorageEnabled=true, locationContextEnabled=true, browserName=firefox, takesScreenshot=true, javascriptEnabled=true, cssSelectorsEnabled=true}]
Session ID: dbdc423a-031c-4d61-9993-6172fc5e3ed3
*** Element info: {Using=xpath, value=/html/body/div/div/form/ul/li[1]/input}
	at org.openqa.selenium.remote.ErrorHandler.createThrowable(ErrorHandler.java:206)
	at org.openqa.selenium.remote.ErrorHandler.throwIfResponseFailed(ErrorHandler.java:158)
	at org.openqa.selenium.remote.RemoteWebDriver.execute(RemoteWebDriver.java:647)
	at org.openqa.selenium.remote.RemoteWebDriver.findElement(RemoteWebDriver.java:353)
	at org.openqa.selenium.remote.RemoteWebDriver.findElementByXPath(RemoteWebDriver.java:490)
	at org.openqa.selenium.By$ByXPath.findElement(By.java:361)
	at org.openqa.selenium.remote.RemoteWebDriver.findElement(RemoteWebDriver.java:345)
	at pak1.Login.Login1(Login.java:47)
Caused by: org.openqa.selenium.NoSuchElementException: Unable to locate element: {&quot;method&quot;:&quot;xpath&quot;,&quot;selector&quot;:&quot;/html/body/div/div/form/ul/li[1]/input&quot;}
For documentation on this error, please visit: http://seleniumhq.org/exceptions/no_such_element.html
Build info: version: &apos;2.48.2&apos;, revision: &apos;41bccdd&apos;, time: &apos;2015-10-09 19:59:12&apos;
System info: host: &apos;CGVAK-204&apos;, ip: &apos;172.16.11.13&apos;, os.name: &apos;Windows 7&apos;, os.arch: &apos;x86&apos;, os.version: &apos;6.1&apos;, java.version: &apos;1.8.0_11&apos;
Driver info: driver.version: unknown
	at &lt;anonymous class&gt;.FirefoxDriver.prototype.findElementInternal_(file:///C:/Users/SIVAKU~1/AppData/Local/Temp/anonymous5160521289378245894webdriver-profile/extensions/fxdriver@googlecode.com/components/driver-component.js:10659)
	at &lt;anonymous class&gt;.FirefoxDriver.prototype.findElement(file:///C:/Users/SIVAKU~1/AppData/Local/Temp/anonymous5160521289378245894webdriver-profile/extensions/fxdriver@googlecode.com/components/driver-component.js:10668)
	at &lt;anonymous class&gt;.DelayedCommand.prototype.executeInternal_/h(file:///C:/Users/SIVAKU~1/AppData/Local/Temp/anonymous5160521289378245894webdriver-profile/extensions/fxdriver@googlecode.com/components/command-processor.js:12534)
	at &lt;anonymous class&gt;.DelayedCommand.prototype.executeInternal_(file:///C:/Users/SIVAKU~1/AppData/Local/Temp/anonymous5160521289378245894webdriver-profile/extensions/fxdriver@googlecode.com/components/command-processor.js:12539)
	at &lt;anonymous class&gt;.DelayedCommand.prototype.execute/&lt;(file:///C:/Users/SIVAKU~1/AppData/Local/Temp/anonymous5160521289378245894webdriver-profile/extensions/fxdriver@googlecode.com/components/command-processor.js:12481)
... Removed 28 stack frames</div></td></tr></table><p class="totop"><a href="#summary">back to summary</a></p><h3 id="m1">pak1.SOManipulation#T4</h3><table class="result"><tr><th>Exception</th></tr><tr><td><div class="stacktrace">org.testng.SkipException: Test
	at pak1.SOManipulation.T4(SOManipulation.java:121)
... Removed 24 stack frames</div></td></tr></table><p class="totop"><a href="#summary">back to summary</a></p><h3 id="m2">pak1.Login#Login1</h3><table class="result"></table><p class="totop"><a href="#summary">back to summary</a></p><h3 id="m3">pak1.SOManipulation#AddSO</h3><table class="result"></table><p class="totop"><a href="#summary">back to summary</a></p><h3 id="m4">pak1.SOManipulation#DeleteSO</h3><table class="result"></table><p class="totop"><a href="#summary">back to summary</a></p><h3 id="m5">pak1.SOManipulation#EditSO</h3><table class="result"></table><p class="totop"><a href="#summary">back to summary</a></p><h3 id="m6">pak1.SOManipulation#ViewSO</h3><table class="result"></table><p class="totop"><a href="#summary">back to summary</a></p></body></html>